<?xml version="1.0" encoding="UTF-8"?>
<coverage generated="1694963563006" clover="3.2.0">
  <project timestamp="1694963563006" name="All files">
    <metrics statements="86" coveredstatements="86" conditionals="30" coveredconditionals="30" methods="30" coveredmethods="30" elements="146" coveredelements="146" complexity="0" loc="86" ncloc="86" packages="2" files="6" classes="6"/>
    <package name="src">
      <metrics statements="41" coveredstatements="41" conditionals="16" coveredconditionals="16" methods="9" coveredmethods="9"/>
      <file name="buildAst.js" path="/home/sergei/hexlet/frontend-project-lvl2/src/buildAst.js">
        <metrics statements="15" coveredstatements="15" conditionals="10" coveredconditionals="10" methods="3" coveredmethods="3"/>
        <line num="3" count="1" type="stmt"/>
        <line num="4" count="36" type="stmt"/>
        <line num="5" count="144" type="stmt"/>
        <line num="6" count="144" type="stmt"/>
        <line num="8" count="144" type="cond" truecount="2" falsecount="0"/>
        <line num="9" count="45" type="stmt"/>
        <line num="13" count="99" type="cond" truecount="2" falsecount="0"/>
        <line num="14" count="18" type="stmt"/>
        <line num="18" count="81" type="cond" truecount="4" falsecount="0"/>
        <line num="19" count="27" type="stmt"/>
        <line num="23" count="54" type="cond" truecount="2" falsecount="0"/>
        <line num="24" count="27" type="stmt"/>
        <line num="28" count="27" type="stmt"/>
        <line num="33" count="36" type="stmt"/>
        <line num="35" count="144" type="stmt"/>
      </file>
      <file name="index.js" path="/home/sergei/hexlet/frontend-project-lvl2/src/index.js">
        <metrics statements="14" coveredstatements="14" conditionals="0" coveredconditionals="0" methods="2" coveredmethods="2"/>
        <line num="8" count="1" type="stmt"/>
        <line num="9" count="18" type="stmt"/>
        <line num="10" count="18" type="stmt"/>
        <line num="11" count="18" type="stmt"/>
        <line num="12" count="18" type="stmt"/>
        <line num="13" count="18" type="stmt"/>
        <line num="17" count="9" type="stmt"/>
        <line num="18" count="9" type="stmt"/>
        <line num="20" count="9" type="stmt"/>
        <line num="21" count="9" type="stmt"/>
        <line num="23" count="9" type="stmt"/>
        <line num="24" count="9" type="stmt"/>
        <line num="26" count="9" type="stmt"/>
        <line num="28" count="9" type="stmt"/>
      </file>
      <file name="parsers.js" path="/home/sergei/hexlet/frontend-project-lvl2/src/parsers.js">
        <metrics statements="12" coveredstatements="12" conditionals="6" coveredconditionals="6" methods="4" coveredmethods="4"/>
        <line num="5" count="1" type="stmt"/>
        <line num="6" count="39" type="stmt"/>
        <line num="8" count="39" type="stmt"/>
        <line num="9" count="90" type="stmt"/>
        <line num="10" count="90" type="cond" truecount="2" falsecount="0"/>
        <line num="11" count="33" type="stmt"/>
        <line num="13" count="57" type="cond" truecount="4" falsecount="0"/>
        <line num="14" count="48" type="stmt"/>
        <line num="16" count="9" type="stmt"/>
        <line num="20" count="1" type="stmt"/>
        <line num="23" count="6" type="stmt"/>
        <line num="26" count="18" type="stmt"/>
      </file>
    </package>
    <package name="src.formatters">
      <metrics statements="45" coveredstatements="45" conditionals="14" coveredconditionals="14" methods="21" coveredmethods="21"/>
      <file name="index.js" path="/home/sergei/hexlet/frontend-project-lvl2/src/formatters/index.js">
        <metrics statements="5" coveredstatements="5" conditionals="4" coveredconditionals="4" methods="1" coveredmethods="1"/>
        <line num="5" count="9" type="cond" truecount="2" falsecount="0"/>
        <line num="6" count="3" type="stmt"/>
        <line num="8" count="6" type="cond" truecount="2" falsecount="0"/>
        <line num="9" count="3" type="stmt"/>
        <line num="12" count="3" type="stmt"/>
      </file>
      <file name="renderPlain.js" path="/home/sergei/hexlet/frontend-project-lvl2/src/formatters/renderPlain.js">
        <metrics statements="20" coveredstatements="20" conditionals="5" coveredconditionals="5" methods="9" coveredmethods="9"/>
        <line num="3" count="1" type="stmt"/>
        <line num="4" count="96" type="cond" truecount="2" falsecount="0"/>
        <line num="5" count="15" type="stmt"/>
        <line num="7" count="81" type="cond" truecount="2" falsecount="0"/>
        <line num="8" count="24" type="stmt"/>
        <line num="10" count="57" type="stmt"/>
        <line num="13" count="1" type="cond" truecount="1" falsecount="0"/>
        <line num="14" count="12" type="stmt"/>
        <line num="15" count="9" type="stmt"/>
        <line num="16" count="9" type="stmt"/>
        <line num="17" count="9" type="stmt"/>
        <line num="18" count="15" type="stmt"/>
        <line num="19" count="6" type="stmt"/>
        <line num="22" count="12" type="stmt"/>
        <line num="23" count="48" type="stmt"/>
        <line num="24" count="48" type="stmt"/>
        <line num="25" count="48" type="stmt"/>
        <line num="26" count="48" type="stmt"/>
        <line num="27" count="48" type="stmt"/>
        <line num="29" count="48" type="stmt"/>
      </file>
      <file name="renderRecursive.js" path="/home/sergei/hexlet/frontend-project-lvl2/src/formatters/renderRecursive.js">
        <metrics statements="20" coveredstatements="20" conditionals="5" coveredconditionals="5" methods="11" coveredmethods="11"/>
        <line num="3" count="99" type="stmt"/>
        <line num="5" count="1" type="stmt"/>
        <line num="6" count="15" type="stmt"/>
        <line num="7" count="15" type="stmt"/>
        <line num="8" count="15" type="stmt"/>
        <line num="10" count="15" type="stmt"/>
        <line num="13" count="1" type="cond" truecount="1" falsecount="0"/>
        <line num="14" count="12" type="stmt"/>
        <line num="15" count="9" type="stmt"/>
        <line num="16" count="9" type="stmt"/>
        <line num="17" count="15" type="stmt"/>
        <line num="18" count="6" type="stmt"/>
        <line num="19" count="9" type="stmt"/>
        <line num="22" count="12" type="stmt"/>
        <line num="24" count="48" type="cond" truecount="2" falsecount="0"/>
        <line num="25" count="48" type="cond" truecount="2" falsecount="0"/>
        <line num="26" count="48" type="stmt"/>
        <line num="27" count="48" type="stmt"/>
        <line num="30" count="57" type="stmt"/>
        <line num="33" count="12" type="stmt"/>
      </file>
    </package>
  </project>
</coverage>
