<?xml version="1.0" encoding="UTF-8"?>
<coverage generated="1654718369674" clover="3.2.0">
  <project timestamp="1654718369674" name="All files">
    <metrics statements="73" coveredstatements="73" conditionals="19" coveredconditionals="19" methods="38" coveredmethods="38" elements="130" coveredelements="130" complexity="0" loc="73" ncloc="73" packages="3" files="6" classes="6"/>
    <package name="src">
      <metrics statements="9" coveredstatements="9" conditionals="1" coveredconditionals="1" methods="5" coveredmethods="5"/>
      <file name="index.js" path="/home/sergei/hexlet/frontend-project-lvl2/src/index.js">
        <metrics statements="9" coveredstatements="9" conditionals="1" coveredconditionals="1" methods="5" coveredmethods="5"/>
        <line num="14" count="9" type="stmt"/>
        <line num="16" count="9" type="stmt"/>
        <line num="18" count="9" type="stmt"/>
        <line num="20" count="9" type="stmt"/>
        <line num="22" count="1" type="cond" truecount="1" falsecount="0"/>
        <line num="23" count="5" type="stmt"/>
        <line num="24" count="4" type="stmt"/>
        <line num="26" count="4" type="stmt"/>
        <line num="27" count="4" type="stmt"/>
      </file>
    </package>
    <package name="src.formatters">
      <metrics statements="44" coveredstatements="44" conditionals="8" coveredconditionals="8" methods="29" coveredmethods="29"/>
      <file name="index.js" path="/home/sergei/hexlet/frontend-project-lvl2/src/formatters/index.js">
        <metrics statements="5" coveredstatements="5" conditionals="0" coveredconditionals="0" methods="4" coveredmethods="4"/>
        <line num="4" count="1" type="stmt"/>
        <line num="5" count="2" type="stmt"/>
        <line num="6" count="1" type="stmt"/>
        <line num="7" count="1" type="stmt"/>
        <line num="10" count="4" type="stmt"/>
      </file>
      <file name="plain.js" path="/home/sergei/hexlet/frontend-project-lvl2/src/formatters/plain.js">
        <metrics statements="19" coveredstatements="19" conditionals="5" coveredconditionals="5" methods="12" coveredmethods="12"/>
        <line num="6" count="1" type="stmt"/>
        <line num="7" count="15" type="cond" truecount="2" falsecount="0"/>
        <line num="8" count="1" type="stmt"/>
        <line num="11" count="14" type="cond" truecount="3" falsecount="0"/>
        <line num="13" count="8" type="stmt"/>
        <line num="15" count="4" type="stmt"/>
        <line num="17" count="2" type="stmt"/>
        <line num="27" count="12" type="stmt"/>
        <line num="52" count="1" type="stmt"/>
        <line num="53" count="3" type="stmt"/>
        <line num="54" count="4" type="stmt"/>
        <line num="56" count="5" type="stmt"/>
        <line num="58" count="2" type="stmt"/>
        <line num="60" count="15" type="stmt"/>
        <line num="63" count="5" type="stmt"/>
        <line num="65" count="5" type="stmt"/>
        <line num="78" count="1" type="stmt"/>
        <line num="79" count="20" type="stmt"/>
        <line num="80" count="1" type="stmt"/>
      </file>
      <file name="stylish.js" path="/home/sergei/hexlet/frontend-project-lvl2/src/formatters/stylish.js">
        <metrics statements="20" coveredstatements="20" conditionals="3" coveredconditionals="3" methods="13" coveredmethods="13"/>
        <line num="9" count="52" type="cond" truecount="1" falsecount="0"/>
        <line num="18" count="1" type="stmt"/>
        <line num="19" count="36" type="cond" truecount="2" falsecount="0"/>
        <line num="20" count="28" type="stmt"/>
        <line num="23" count="8" type="stmt"/>
        <line num="24" count="10" type="stmt"/>
        <line num="26" count="8" type="stmt"/>
        <line num="53" count="1" type="stmt"/>
        <line num="55" count="9" type="stmt"/>
        <line num="56" count="2" type="stmt"/>
        <line num="59" count="14" type="stmt"/>
        <line num="62" count="7" type="stmt"/>
        <line num="65" count="3" type="stmt"/>
        <line num="68" count="15" type="stmt"/>
        <line num="69" count="4" type="stmt"/>
        <line num="72" count="6" type="stmt"/>
        <line num="73" count="6" type="stmt"/>
        <line num="83" count="1" type="stmt"/>
        <line num="84" count="2" type="stmt"/>
        <line num="86" count="2" type="stmt"/>
      </file>
    </package>
    <package name="src.services">
      <metrics statements="20" coveredstatements="20" conditionals="10" coveredconditionals="10" methods="4" coveredmethods="4"/>
      <file name="getDiff.js" path="/home/sergei/hexlet/frontend-project-lvl2/src/services/getDiff.js">
        <metrics statements="17" coveredstatements="17" conditionals="10" coveredconditionals="10" methods="3" coveredmethods="3"/>
        <line num="9" count="1" type="stmt"/>
        <line num="10" count="16" type="stmt"/>
        <line num="11" count="16" type="stmt"/>
        <line num="13" count="16" type="stmt"/>
        <line num="14" count="62" type="stmt"/>
        <line num="15" count="62" type="stmt"/>
        <line num="17" count="62" type="cond" truecount="2" falsecount="0"/>
        <line num="18" count="7" type="stmt"/>
        <line num="25" count="55" type="cond" truecount="2" falsecount="0"/>
        <line num="26" count="17" type="stmt"/>
        <line num="33" count="38" type="cond" truecount="4" falsecount="0"/>
        <line num="34" count="12" type="stmt"/>
        <line num="35" count="12" type="stmt"/>
        <line num="42" count="26" type="cond" truecount="2" falsecount="0"/>
        <line num="43" count="16" type="stmt"/>
        <line num="50" count="10" type="stmt"/>
        <line num="59" count="4" type="stmt"/>
      </file>
      <file name="parse.js" path="/home/sergei/hexlet/frontend-project-lvl2/src/services/parse.js">
        <metrics statements="3" coveredstatements="3" conditionals="0" coveredconditionals="0" methods="1" coveredmethods="1"/>
        <line num="9" count="1" type="stmt"/>
        <line num="10" count="9" type="stmt"/>
        <line num="16" count="9" type="stmt"/>
      </file>
    </package>
  </project>
</coverage>
