{"/home/sergei/hexlet/frontend-project-lvl2/src/index.js": {"path":"/home/sergei/hexlet/frontend-project-lvl2/src/index.js","all":false,"statementMap":{"0":{"start":{"line":1,"column":0},"end":{"line":1,"column":34}},"1":{"start":{"line":2,"column":0},"end":{"line":2,"column":24}},"2":{"start":{"line":3,"column":0},"end":{"line":3,"column":41}},"3":{"start":{"line":4,"column":0},"end":{"line":4,"column":43}},"4":{"start":{"line":5,"column":0},"end":{"line":5,"column":46}},"5":{"start":{"line":6,"column":0},"end":{"line":6,"column":0}},"6":{"start":{"line":7,"column":0},"end":{"line":7,"column":56}},"7":{"start":{"line":8,"column":0},"end":{"line":8,"column":51}},"8":{"start":{"line":9,"column":0},"end":{"line":9,"column":51}},"9":{"start":{"line":10,"column":0},"end":{"line":10,"column":0}},"10":{"start":{"line":11,"column":0},"end":{"line":11,"column":47}},"11":{"start":{"line":12,"column":0},"end":{"line":12,"column":47}},"12":{"start":{"line":13,"column":0},"end":{"line":13,"column":0}},"13":{"start":{"line":14,"column":0},"end":{"line":14,"column":36}},"14":{"start":{"line":15,"column":0},"end":{"line":15,"column":36}},"15":{"start":{"line":16,"column":0},"end":{"line":16,"column":0}},"16":{"start":{"line":17,"column":0},"end":{"line":17,"column":37}},"17":{"start":{"line":18,"column":0},"end":{"line":18,"column":37}},"18":{"start":{"line":19,"column":0},"end":{"line":19,"column":0}},"19":{"start":{"line":20,"column":0},"end":{"line":20,"column":39}},"20":{"start":{"line":21,"column":0},"end":{"line":21,"column":0}},"21":{"start":{"line":22,"column":0},"end":{"line":22,"column":45}},"22":{"start":{"line":23,"column":0},"end":{"line":23,"column":16}},"23":{"start":{"line":24,"column":0},"end":{"line":24,"column":2}},"24":{"start":{"line":25,"column":0},"end":{"line":25,"column":0}},"25":{"start":{"line":26,"column":0},"end":{"line":26,"column":20}}},"s":{"0":1,"1":1,"2":1,"3":1,"4":1,"5":1,"6":1,"7":8,"8":8,"9":8,"10":8,"11":8,"12":8,"13":8,"14":8,"15":8,"16":8,"17":8,"18":8,"19":8,"20":8,"21":8,"22":8,"23":8,"24":1,"25":1},"branchMap":{"0":{"type":"branch","line":7,"loc":{"start":{"line":7,"column":13},"end":{"line":24,"column":2}},"locations":[{"start":{"line":7,"column":13},"end":{"line":24,"column":2}}]}},"b":{"0":[8]},"fnMap":{"0":{"name":"diff","decl":{"start":{"line":7,"column":13},"end":{"line":24,"column":2}},"loc":{"start":{"line":7,"column":13},"end":{"line":24,"column":2}},"line":7}},"f":{"0":8}}
,"/home/sergei/hexlet/frontend-project-lvl2/src/treeBuilder.js": {"path":"/home/sergei/hexlet/frontend-project-lvl2/src/treeBuilder.js","all":false,"statementMap":{"0":{"start":{"line":1,"column":0},"end":{"line":1,"column":23}},"1":{"start":{"line":2,"column":0},"end":{"line":2,"column":0}},"2":{"start":{"line":3,"column":0},"end":{"line":3,"column":37}},"3":{"start":{"line":4,"column":0},"end":{"line":4,"column":34}},"4":{"start":{"line":5,"column":0},"end":{"line":5,"column":34}},"5":{"start":{"line":6,"column":0},"end":{"line":6,"column":53}},"6":{"start":{"line":7,"column":0},"end":{"line":7,"column":0}},"7":{"start":{"line":8,"column":0},"end":{"line":8,"column":42}},"8":{"start":{"line":9,"column":0},"end":{"line":9,"column":28}},"9":{"start":{"line":10,"column":0},"end":{"line":10,"column":60}},"10":{"start":{"line":11,"column":0},"end":{"line":11,"column":5}},"11":{"start":{"line":12,"column":0},"end":{"line":12,"column":28}},"12":{"start":{"line":13,"column":0},"end":{"line":13,"column":62}},"13":{"start":{"line":14,"column":0},"end":{"line":14,"column":5}},"14":{"start":{"line":15,"column":0},"end":{"line":15,"column":34}},"15":{"start":{"line":16,"column":0},"end":{"line":16,"column":64}},"16":{"start":{"line":17,"column":0},"end":{"line":17,"column":5}},"17":{"start":{"line":18,"column":0},"end":{"line":18,"column":67}},"18":{"start":{"line":19,"column":0},"end":{"line":19,"column":14}},"19":{"start":{"line":20,"column":0},"end":{"line":20,"column":18}},"20":{"start":{"line":21,"column":0},"end":{"line":21,"column":23}},"21":{"start":{"line":22,"column":0},"end":{"line":22,"column":52}},"22":{"start":{"line":23,"column":0},"end":{"line":23,"column":8}},"23":{"start":{"line":24,"column":0},"end":{"line":24,"column":5}},"24":{"start":{"line":25,"column":0},"end":{"line":25,"column":43}},"25":{"start":{"line":26,"column":0},"end":{"line":26,"column":14}},"26":{"start":{"line":27,"column":0},"end":{"line":27,"column":18}},"27":{"start":{"line":28,"column":0},"end":{"line":28,"column":24}},"28":{"start":{"line":29,"column":0},"end":{"line":29,"column":28}},"29":{"start":{"line":30,"column":0},"end":{"line":30,"column":28}},"30":{"start":{"line":31,"column":0},"end":{"line":31,"column":8}},"31":{"start":{"line":32,"column":0},"end":{"line":32,"column":5}},"32":{"start":{"line":33,"column":0},"end":{"line":33,"column":16}},"33":{"start":{"line":34,"column":0},"end":{"line":34,"column":5}},"34":{"start":{"line":35,"column":0},"end":{"line":35,"column":16}},"35":{"start":{"line":36,"column":0},"end":{"line":36,"column":2}},"36":{"start":{"line":37,"column":0},"end":{"line":37,"column":0}},"37":{"start":{"line":38,"column":0},"end":{"line":38,"column":27}}},"s":{"0":1,"1":1,"2":1,"3":32,"4":32,"5":32,"6":32,"7":32,"8":118,"9":32,"10":32,"11":118,"12":16,"13":16,"14":118,"15":20,"16":20,"17":118,"18":24,"19":24,"20":24,"21":24,"22":24,"23":24,"24":26,"25":26,"26":26,"27":26,"28":26,"29":26,"30":26,"31":26,"32":0,"33":32,"34":32,"35":32,"36":1,"37":1},"branchMap":{"0":{"type":"branch","line":3,"loc":{"start":{"line":3,"column":20},"end":{"line":36,"column":2}},"locations":[{"start":{"line":3,"column":20},"end":{"line":36,"column":2}}]},"1":{"type":"branch","line":8,"loc":{"start":{"line":8,"column":33},"end":{"line":34,"column":3}},"locations":[{"start":{"line":8,"column":33},"end":{"line":34,"column":3}}]},"2":{"type":"branch","line":9,"loc":{"start":{"line":9,"column":27},"end":{"line":11,"column":5}},"locations":[{"start":{"line":9,"column":27},"end":{"line":11,"column":5}}]},"3":{"type":"branch","line":11,"loc":{"start":{"line":11,"column":4},"end":{"line":12,"column":27}},"locations":[{"start":{"line":11,"column":4},"end":{"line":12,"column":27}}]},"4":{"type":"branch","line":12,"loc":{"start":{"line":12,"column":27},"end":{"line":14,"column":5}},"locations":[{"start":{"line":12,"column":27},"end":{"line":14,"column":5}}]},"5":{"type":"branch","line":14,"loc":{"start":{"line":14,"column":4},"end":{"line":15,"column":33}},"locations":[{"start":{"line":14,"column":4},"end":{"line":15,"column":33}}]},"6":{"type":"branch","line":15,"loc":{"start":{"line":15,"column":33},"end":{"line":17,"column":5}},"locations":[{"start":{"line":15,"column":33},"end":{"line":17,"column":5}}]},"7":{"type":"branch","line":17,"loc":{"start":{"line":17,"column":4},"end":{"line":18,"column":38}},"locations":[{"start":{"line":17,"column":4},"end":{"line":18,"column":38}}]},"8":{"type":"branch","line":18,"loc":{"start":{"line":18,"column":34},"end":{"line":18,"column":64}},"locations":[{"start":{"line":18,"column":34},"end":{"line":18,"column":64}}]},"9":{"type":"branch","line":18,"loc":{"start":{"line":18,"column":66},"end":{"line":24,"column":5}},"locations":[{"start":{"line":18,"column":66},"end":{"line":24,"column":5}}]},"10":{"type":"branch","line":24,"loc":{"start":{"line":24,"column":4},"end":{"line":32,"column":5}},"locations":[{"start":{"line":24,"column":4},"end":{"line":32,"column":5}}]},"11":{"type":"branch","line":32,"loc":{"start":{"line":32,"column":4},"end":{"line":34,"column":3}},"locations":[{"start":{"line":32,"column":4},"end":{"line":34,"column":3}}]}},"b":{"0":[32],"1":[118],"2":[32],"3":[86],"4":[16],"5":[70],"6":[20],"7":[50],"8":[30],"9":[24],"10":[26],"11":[0]},"fnMap":{"0":{"name":"treeBuilder","decl":{"start":{"line":3,"column":20},"end":{"line":36,"column":2}},"loc":{"start":{"line":3,"column":20},"end":{"line":36,"column":2}},"line":3}},"f":{"0":32}}
,"/home/sergei/hexlet/frontend-project-lvl2/src/formatters/index.js": {"path":"/home/sergei/hexlet/frontend-project-lvl2/src/formatters/index.js","all":false,"statementMap":{"0":{"start":{"line":1,"column":0},"end":{"line":1,"column":35}},"1":{"start":{"line":2,"column":0},"end":{"line":2,"column":31}},"2":{"start":{"line":3,"column":0},"end":{"line":3,"column":29}},"3":{"start":{"line":4,"column":0},"end":{"line":4,"column":0}},"4":{"start":{"line":5,"column":0},"end":{"line":5,"column":41}},"5":{"start":{"line":6,"column":0},"end":{"line":6,"column":23}},"6":{"start":{"line":7,"column":0},"end":{"line":7,"column":19}},"7":{"start":{"line":8,"column":0},"end":{"line":8,"column":27}},"8":{"start":{"line":9,"column":0},"end":{"line":9,"column":17}},"9":{"start":{"line":10,"column":0},"end":{"line":10,"column":25}},"10":{"start":{"line":11,"column":0},"end":{"line":11,"column":16}},"11":{"start":{"line":12,"column":0},"end":{"line":12,"column":24}},"12":{"start":{"line":13,"column":0},"end":{"line":13,"column":12}},"13":{"start":{"line":14,"column":0},"end":{"line":14,"column":18}},"14":{"start":{"line":15,"column":0},"end":{"line":15,"column":3}},"15":{"start":{"line":16,"column":0},"end":{"line":16,"column":2}},"16":{"start":{"line":17,"column":0},"end":{"line":17,"column":25}}},"s":{"0":1,"1":1,"2":1,"3":1,"4":1,"5":8,"6":8,"7":4,"8":8,"9":2,"10":8,"11":2,"12":8,"13":0,"14":8,"15":8,"16":1},"branchMap":{"0":{"type":"branch","line":5,"loc":{"start":{"line":5,"column":18},"end":{"line":16,"column":2}},"locations":[{"start":{"line":5,"column":18},"end":{"line":16,"column":2}}]},"1":{"type":"branch","line":7,"loc":{"start":{"line":7,"column":4},"end":{"line":8,"column":27}},"locations":[{"start":{"line":7,"column":4},"end":{"line":8,"column":27}}]},"2":{"type":"branch","line":9,"loc":{"start":{"line":9,"column":4},"end":{"line":10,"column":25}},"locations":[{"start":{"line":9,"column":4},"end":{"line":10,"column":25}}]},"3":{"type":"branch","line":11,"loc":{"start":{"line":11,"column":4},"end":{"line":12,"column":24}},"locations":[{"start":{"line":11,"column":4},"end":{"line":12,"column":24}}]},"4":{"type":"branch","line":13,"loc":{"start":{"line":13,"column":4},"end":{"line":14,"column":18}},"locations":[{"start":{"line":13,"column":4},"end":{"line":14,"column":18}}]}},"b":{"0":[8],"1":[4],"2":[2],"3":[2],"4":[0]},"fnMap":{"0":{"name":"formatter","decl":{"start":{"line":5,"column":18},"end":{"line":16,"column":2}},"loc":{"start":{"line":5,"column":18},"end":{"line":16,"column":2}},"line":5}},"f":{"0":8}}
,"/home/sergei/hexlet/frontend-project-lvl2/src/formatters/json.js": {"path":"/home/sergei/hexlet/frontend-project-lvl2/src/formatters/json.js","all":false,"statementMap":{"0":{"start":{"line":1,"column":0},"end":{"line":1,"column":53}},"1":{"start":{"line":2,"column":0},"end":{"line":2,"column":0}},"2":{"start":{"line":3,"column":0},"end":{"line":3,"column":20}}},"s":{"0":1,"1":1,"2":1},"branchMap":{"0":{"type":"branch","line":1,"loc":{"start":{"line":1,"column":14},"end":{"line":1,"column":52}},"locations":[{"start":{"line":1,"column":14},"end":{"line":1,"column":52}}]}},"b":{"0":[2]},"fnMap":{"0":{"name":"json","decl":{"start":{"line":1,"column":14},"end":{"line":1,"column":52}},"loc":{"start":{"line":1,"column":14},"end":{"line":1,"column":52}},"line":1}},"f":{"0":2}}
,"/home/sergei/hexlet/frontend-project-lvl2/src/formatters/plain.js": {"path":"/home/sergei/hexlet/frontend-project-lvl2/src/formatters/plain.js","all":false,"statementMap":{"0":{"start":{"line":1,"column":0},"end":{"line":1,"column":32}},"1":{"start":{"line":2,"column":0},"end":{"line":2,"column":34}},"2":{"start":{"line":3,"column":0},"end":{"line":3,"column":24}},"3":{"start":{"line":4,"column":0},"end":{"line":4,"column":3}},"4":{"start":{"line":5,"column":0},"end":{"line":5,"column":23}},"5":{"start":{"line":6,"column":0},"end":{"line":6,"column":16}},"6":{"start":{"line":7,"column":0},"end":{"line":7,"column":3}},"7":{"start":{"line":8,"column":0},"end":{"line":8,"column":34}},"8":{"start":{"line":9,"column":0},"end":{"line":9,"column":29}},"9":{"start":{"line":10,"column":0},"end":{"line":10,"column":3}},"10":{"start":{"line":11,"column":0},"end":{"line":11,"column":15}},"11":{"start":{"line":12,"column":0},"end":{"line":12,"column":2}},"12":{"start":{"line":13,"column":0},"end":{"line":13,"column":0}},"13":{"start":{"line":14,"column":0},"end":{"line":14,"column":25}},"14":{"start":{"line":15,"column":0},"end":{"line":15,"column":38}},"15":{"start":{"line":16,"column":0},"end":{"line":16,"column":49}},"16":{"start":{"line":17,"column":0},"end":{"line":17,"column":73}},"17":{"start":{"line":18,"column":0},"end":{"line":18,"column":26}},"18":{"start":{"line":19,"column":0},"end":{"line":19,"column":22}},"19":{"start":{"line":20,"column":0},"end":{"line":20,"column":46}},"20":{"start":{"line":21,"column":0},"end":{"line":21,"column":25}},"21":{"start":{"line":22,"column":0},"end":{"line":22,"column":20}},"22":{"start":{"line":23,"column":0},"end":{"line":23,"column":23}},"23":{"start":{"line":24,"column":0},"end":{"line":24,"column":53}},"24":{"start":{"line":25,"column":0},"end":{"line":25,"column":21}},"25":{"start":{"line":26,"column":0},"end":{"line":26,"column":90}},"26":{"start":{"line":27,"column":0},"end":{"line":27,"column":23}},"27":{"start":{"line":28,"column":0},"end":{"line":28,"column":122}},"28":{"start":{"line":29,"column":0},"end":{"line":29,"column":16}},"29":{"start":{"line":30,"column":0},"end":{"line":30,"column":22}},"30":{"start":{"line":31,"column":0},"end":{"line":31,"column":7}},"31":{"start":{"line":32,"column":0},"end":{"line":32,"column":7}},"32":{"start":{"line":33,"column":0},"end":{"line":33,"column":31}},"33":{"start":{"line":34,"column":0},"end":{"line":34,"column":4}},"34":{"start":{"line":35,"column":0},"end":{"line":35,"column":32}},"35":{"start":{"line":36,"column":0},"end":{"line":36,"column":16}},"36":{"start":{"line":37,"column":0},"end":{"line":37,"column":2}},"37":{"start":{"line":38,"column":0},"end":{"line":38,"column":0}},"38":{"start":{"line":39,"column":0},"end":{"line":39,"column":21}}},"s":{"0":1,"1":26,"2":14,"3":14,"4":26,"5":2,"6":2,"7":26,"8":6,"9":6,"10":4,"11":4,"12":1,"13":1,"14":2,"15":10,"16":36,"17":36,"18":36,"19":8,"20":36,"21":6,"22":36,"23":4,"24":36,"25":10,"26":36,"27":8,"28":36,"29":0,"30":36,"31":10,"32":10,"33":2,"34":2,"35":2,"36":2,"37":1,"38":1},"branchMap":{"0":{"type":"branch","line":1,"loc":{"start":{"line":1,"column":21},"end":{"line":12,"column":2}},"locations":[{"start":{"line":1,"column":21},"end":{"line":12,"column":2}}]},"1":{"type":"branch","line":2,"loc":{"start":{"line":2,"column":33},"end":{"line":4,"column":3}},"locations":[{"start":{"line":2,"column":33},"end":{"line":4,"column":3}}]},"2":{"type":"branch","line":4,"loc":{"start":{"line":4,"column":2},"end":{"line":5,"column":22}},"locations":[{"start":{"line":4,"column":2},"end":{"line":5,"column":22}}]},"3":{"type":"branch","line":5,"loc":{"start":{"line":5,"column":22},"end":{"line":7,"column":3}},"locations":[{"start":{"line":5,"column":22},"end":{"line":7,"column":3}}]},"4":{"type":"branch","line":7,"loc":{"start":{"line":7,"column":2},"end":{"line":8,"column":33}},"locations":[{"start":{"line":7,"column":2},"end":{"line":8,"column":33}}]},"5":{"type":"branch","line":8,"loc":{"start":{"line":8,"column":33},"end":{"line":10,"column":3}},"locations":[{"start":{"line":8,"column":33},"end":{"line":10,"column":3}}]},"6":{"type":"branch","line":10,"loc":{"start":{"line":10,"column":2},"end":{"line":12,"column":2}},"locations":[{"start":{"line":10,"column":2},"end":{"line":12,"column":2}}]},"7":{"type":"branch","line":14,"loc":{"start":{"line":14,"column":15},"end":{"line":37,"column":2}},"locations":[{"start":{"line":14,"column":15},"end":{"line":37,"column":2}}]},"8":{"type":"branch","line":15,"loc":{"start":{"line":15,"column":15},"end":{"line":34,"column":3}},"locations":[{"start":{"line":15,"column":15},"end":{"line":34,"column":3}}]},"9":{"type":"branch","line":16,"loc":{"start":{"line":16,"column":39},"end":{"line":32,"column":5}},"locations":[{"start":{"line":16,"column":39},"end":{"line":32,"column":5}}]},"10":{"type":"branch","line":17,"loc":{"start":{"line":17,"column":28},"end":{"line":17,"column":55}},"locations":[{"start":{"line":17,"column":28},"end":{"line":17,"column":55}}]},"11":{"type":"branch","line":17,"loc":{"start":{"line":17,"column":55},"end":{"line":17,"column":72}},"locations":[{"start":{"line":17,"column":55},"end":{"line":17,"column":72}}]},"12":{"type":"branch","line":19,"loc":{"start":{"line":19,"column":8},"end":{"line":20,"column":46}},"locations":[{"start":{"line":19,"column":8},"end":{"line":20,"column":46}}]},"13":{"type":"branch","line":21,"loc":{"start":{"line":21,"column":8},"end":{"line":22,"column":20}},"locations":[{"start":{"line":21,"column":8},"end":{"line":22,"column":20}}]},"14":{"type":"branch","line":23,"loc":{"start":{"line":23,"column":8},"end":{"line":24,"column":53}},"locations":[{"start":{"line":23,"column":8},"end":{"line":24,"column":53}}]},"15":{"type":"branch","line":25,"loc":{"start":{"line":25,"column":8},"end":{"line":26,"column":90}},"locations":[{"start":{"line":25,"column":8},"end":{"line":26,"column":90}}]},"16":{"type":"branch","line":27,"loc":{"start":{"line":27,"column":8},"end":{"line":28,"column":122}},"locations":[{"start":{"line":27,"column":8},"end":{"line":28,"column":122}}]},"17":{"type":"branch","line":29,"loc":{"start":{"line":29,"column":8},"end":{"line":30,"column":22}},"locations":[{"start":{"line":29,"column":8},"end":{"line":30,"column":22}}]}},"b":{"0":[26],"1":[14],"2":[12],"3":[2],"4":[10],"5":[6],"6":[4],"7":[2],"8":[10],"9":[36],"10":[28],"11":[8],"12":[8],"13":[6],"14":[4],"15":[10],"16":[8],"17":[0]},"fnMap":{"0":{"name":"typeOfValue","decl":{"start":{"line":1,"column":21},"end":{"line":12,"column":2}},"loc":{"start":{"line":1,"column":21},"end":{"line":12,"column":2}},"line":1},"1":{"name":"plain","decl":{"start":{"line":14,"column":15},"end":{"line":37,"column":2}},"loc":{"start":{"line":14,"column":15},"end":{"line":37,"column":2}},"line":14},"2":{"name":"iter","decl":{"start":{"line":15,"column":15},"end":{"line":34,"column":3}},"loc":{"start":{"line":15,"column":15},"end":{"line":34,"column":3}},"line":15}},"f":{"0":26,"1":2,"2":10}}
,"/home/sergei/hexlet/frontend-project-lvl2/src/formatters/stylish.js": {"path":"/home/sergei/hexlet/frontend-project-lvl2/src/formatters/stylish.js","all":false,"statementMap":{"0":{"start":{"line":1,"column":0},"end":{"line":1,"column":23}},"1":{"start":{"line":2,"column":0},"end":{"line":2,"column":0}},"2":{"start":{"line":3,"column":0},"end":{"line":3,"column":49}},"3":{"start":{"line":4,"column":0},"end":{"line":4,"column":20}},"4":{"start":{"line":5,"column":0},"end":{"line":5,"column":60}},"5":{"start":{"line":6,"column":0},"end":{"line":6,"column":16}},"6":{"start":{"line":7,"column":0},"end":{"line":7,"column":2}},"7":{"start":{"line":8,"column":0},"end":{"line":8,"column":0}},"8":{"start":{"line":9,"column":0},"end":{"line":9,"column":45}},"9":{"start":{"line":10,"column":0},"end":{"line":10,"column":27}},"10":{"start":{"line":11,"column":0},"end":{"line":11,"column":25}},"11":{"start":{"line":12,"column":0},"end":{"line":12,"column":3}},"12":{"start":{"line":13,"column":0},"end":{"line":13,"column":0}},"13":{"start":{"line":14,"column":0},"end":{"line":14,"column":31}},"14":{"start":{"line":15,"column":0},"end":{"line":15,"column":40}},"15":{"start":{"line":16,"column":0},"end":{"line":16,"column":0}},"16":{"start":{"line":17,"column":0},"end":{"line":17,"column":40}},"17":{"start":{"line":18,"column":0},"end":{"line":18,"column":0}},"18":{"start":{"line":19,"column":0},"end":{"line":19,"column":53}},"19":{"start":{"line":20,"column":0},"end":{"line":20,"column":85}},"20":{"start":{"line":21,"column":0},"end":{"line":21,"column":22}},"21":{"start":{"line":22,"column":0},"end":{"line":22,"column":5}},"22":{"start":{"line":23,"column":0},"end":{"line":23,"column":55}},"23":{"start":{"line":24,"column":0},"end":{"line":24,"column":2}},"24":{"start":{"line":25,"column":0},"end":{"line":25,"column":0}},"25":{"start":{"line":26,"column":0},"end":{"line":26,"column":29}},"26":{"start":{"line":27,"column":0},"end":{"line":27,"column":33}},"27":{"start":{"line":28,"column":0},"end":{"line":28,"column":38}},"28":{"start":{"line":29,"column":0},"end":{"line":29,"column":32}},"29":{"start":{"line":30,"column":0},"end":{"line":30,"column":25}},"30":{"start":{"line":31,"column":0},"end":{"line":31,"column":24}},"31":{"start":{"line":32,"column":0},"end":{"line":32,"column":66}},"32":{"start":{"line":33,"column":0},"end":{"line":33,"column":75}},"33":{"start":{"line":34,"column":0},"end":{"line":34,"column":9}},"34":{"start":{"line":35,"column":0},"end":{"line":35,"column":27}},"35":{"start":{"line":36,"column":0},"end":{"line":36,"column":83}},"36":{"start":{"line":37,"column":0},"end":{"line":37,"column":9}},"37":{"start":{"line":38,"column":0},"end":{"line":38,"column":25}},"38":{"start":{"line":39,"column":0},"end":{"line":39,"column":83}},"39":{"start":{"line":40,"column":0},"end":{"line":40,"column":9}},"40":{"start":{"line":41,"column":0},"end":{"line":41,"column":23}},"41":{"start":{"line":42,"column":0},"end":{"line":42,"column":83}},"42":{"start":{"line":43,"column":0},"end":{"line":43,"column":9}},"43":{"start":{"line":44,"column":0},"end":{"line":44,"column":25}},"44":{"start":{"line":45,"column":0},"end":{"line":45,"column":107}},"45":{"start":{"line":46,"column":0},"end":{"line":46,"column":105}},"46":{"start":{"line":47,"column":0},"end":{"line":47,"column":55}},"47":{"start":{"line":48,"column":0},"end":{"line":48,"column":9}},"48":{"start":{"line":49,"column":0},"end":{"line":49,"column":18}},"49":{"start":{"line":50,"column":0},"end":{"line":50,"column":22}},"50":{"start":{"line":51,"column":0},"end":{"line":51,"column":9}},"51":{"start":{"line":52,"column":0},"end":{"line":52,"column":7}},"52":{"start":{"line":53,"column":0},"end":{"line":53,"column":7}},"53":{"start":{"line":54,"column":0},"end":{"line":54,"column":29}},"54":{"start":{"line":55,"column":0},"end":{"line":55,"column":4}},"55":{"start":{"line":56,"column":0},"end":{"line":56,"column":42}},"56":{"start":{"line":57,"column":0},"end":{"line":57,"column":16}},"57":{"start":{"line":58,"column":0},"end":{"line":58,"column":2}},"58":{"start":{"line":59,"column":0},"end":{"line":59,"column":0}},"59":{"start":{"line":60,"column":0},"end":{"line":60,"column":25}}},"s":{"0":1,"1":1,"2":1,"3":74,"4":74,"5":74,"6":74,"7":1,"8":1,"9":66,"10":52,"11":52,"12":14,"13":14,"14":14,"15":14,"16":14,"17":14,"18":14,"19":18,"20":18,"21":14,"22":14,"23":14,"24":1,"25":1,"26":4,"27":12,"28":46,"29":46,"30":46,"31":8,"32":8,"33":8,"34":46,"35":8,"36":8,"37":46,"38":8,"39":8,"40":46,"41":12,"42":12,"43":46,"44":10,"45":10,"46":10,"47":10,"48":46,"49":0,"50":0,"51":46,"52":12,"53":12,"54":4,"55":4,"56":4,"57":4,"58":1,"59":1},"branchMap":{"0":{"type":"branch","line":3,"loc":{"start":{"line":3,"column":15},"end":{"line":7,"column":2}},"locations":[{"start":{"line":3,"column":15},"end":{"line":7,"column":2}}]},"1":{"type":"branch","line":9,"loc":{"start":{"line":9,"column":26},"end":{"line":24,"column":2}},"locations":[{"start":{"line":9,"column":26},"end":{"line":24,"column":2}}]},"2":{"type":"branch","line":10,"loc":{"start":{"line":10,"column":26},"end":{"line":12,"column":3}},"locations":[{"start":{"line":10,"column":26},"end":{"line":12,"column":3}}]},"3":{"type":"branch","line":12,"loc":{"start":{"line":12,"column":2},"end":{"line":24,"column":2}},"locations":[{"start":{"line":12,"column":2},"end":{"line":24,"column":2}}]},"4":{"type":"branch","line":19,"loc":{"start":{"line":19,"column":29},"end":{"line":22,"column":3}},"locations":[{"start":{"line":19,"column":29},"end":{"line":22,"column":3}}]},"5":{"type":"branch","line":26,"loc":{"start":{"line":26,"column":19},"end":{"line":58,"column":2}},"locations":[{"start":{"line":26,"column":19},"end":{"line":58,"column":2}}]},"6":{"type":"branch","line":27,"loc":{"start":{"line":27,"column":15},"end":{"line":55,"column":3}},"locations":[{"start":{"line":27,"column":15},"end":{"line":55,"column":3}}]},"7":{"type":"branch","line":28,"loc":{"start":{"line":28,"column":29},"end":{"line":53,"column":5}},"locations":[{"start":{"line":28,"column":29},"end":{"line":53,"column":5}}]},"8":{"type":"branch","line":31,"loc":{"start":{"line":31,"column":8},"end":{"line":34,"column":9}},"locations":[{"start":{"line":31,"column":8},"end":{"line":34,"column":9}}]},"9":{"type":"branch","line":35,"loc":{"start":{"line":35,"column":8},"end":{"line":37,"column":9}},"locations":[{"start":{"line":35,"column":8},"end":{"line":37,"column":9}}]},"10":{"type":"branch","line":38,"loc":{"start":{"line":38,"column":8},"end":{"line":40,"column":9}},"locations":[{"start":{"line":38,"column":8},"end":{"line":40,"column":9}}]},"11":{"type":"branch","line":41,"loc":{"start":{"line":41,"column":8},"end":{"line":43,"column":9}},"locations":[{"start":{"line":41,"column":8},"end":{"line":43,"column":9}}]},"12":{"type":"branch","line":44,"loc":{"start":{"line":44,"column":8},"end":{"line":48,"column":9}},"locations":[{"start":{"line":44,"column":8},"end":{"line":48,"column":9}}]},"13":{"type":"branch","line":49,"loc":{"start":{"line":49,"column":8},"end":{"line":51,"column":9}},"locations":[{"start":{"line":49,"column":8},"end":{"line":51,"column":9}}]}},"b":{"0":[74],"1":[66],"2":[52],"3":[14],"4":[18],"5":[4],"6":[12],"7":[46],"8":[8],"9":[8],"10":[8],"11":[12],"12":[10],"13":[0]},"fnMap":{"0":{"name":"getTab","decl":{"start":{"line":3,"column":15},"end":{"line":7,"column":2}},"loc":{"start":{"line":3,"column":15},"end":{"line":7,"column":2}},"line":3},"1":{"name":"getFormattedValue","decl":{"start":{"line":9,"column":26},"end":{"line":24,"column":2}},"loc":{"start":{"line":9,"column":26},"end":{"line":24,"column":2}},"line":9},"2":{"name":"formatter","decl":{"start":{"line":26,"column":19},"end":{"line":58,"column":2}},"loc":{"start":{"line":26,"column":19},"end":{"line":58,"column":2}},"line":26},"3":{"name":"iter","decl":{"start":{"line":27,"column":15},"end":{"line":55,"column":3}},"loc":{"start":{"line":27,"column":15},"end":{"line":55,"column":3}},"line":27}},"f":{"0":74,"1":66,"2":4,"3":12}}
,"/home/sergei/hexlet/frontend-project-lvl2/src/parsers/parsers.js": {"path":"/home/sergei/hexlet/frontend-project-lvl2/src/parsers/parsers.js","all":false,"statementMap":{"0":{"start":{"line":1,"column":0},"end":{"line":1,"column":27}},"1":{"start":{"line":2,"column":0},"end":{"line":2,"column":0}},"2":{"start":{"line":3,"column":0},"end":{"line":3,"column":33}},"3":{"start":{"line":4,"column":0},"end":{"line":4,"column":18}},"4":{"start":{"line":5,"column":0},"end":{"line":5,"column":21}},"5":{"start":{"line":6,"column":0},"end":{"line":6,"column":19}},"6":{"start":{"line":7,"column":0},"end":{"line":7,"column":20}},"7":{"start":{"line":8,"column":0},"end":{"line":8,"column":4}},"8":{"start":{"line":9,"column":0},"end":{"line":9,"column":0}},"9":{"start":{"line":10,"column":0},"end":{"line":10,"column":30}},"10":{"start":{"line":11,"column":0},"end":{"line":11,"column":2}},"11":{"start":{"line":12,"column":0},"end":{"line":12,"column":0}},"12":{"start":{"line":13,"column":0},"end":{"line":13,"column":21}}},"s":{"0":1,"1":1,"2":1,"3":16,"4":16,"5":16,"6":16,"7":16,"8":16,"9":16,"10":16,"11":1,"12":1},"branchMap":{"0":{"type":"branch","line":3,"loc":{"start":{"line":3,"column":14},"end":{"line":11,"column":2}},"locations":[{"start":{"line":3,"column":14},"end":{"line":11,"column":2}}]}},"b":{"0":[16]},"fnMap":{"0":{"name":"parse","decl":{"start":{"line":3,"column":14},"end":{"line":11,"column":2}},"loc":{"start":{"line":3,"column":14},"end":{"line":11,"column":2}},"line":3}},"f":{"0":16}}
}
