{"/home/sergei/hexlet/frontend-project-lvl2/src/index.js": {"path":"/home/sergei/hexlet/frontend-project-lvl2/src/index.js","statementMap":{"0":{"start":{"line":14,"column":22},"end":{"line":14,"column":58}},"1":{"start":{"line":14,"column":36},"end":{"line":14,"column":58}},"2":{"start":{"line":16,"column":17},"end":{"line":16,"column":80}},"3":{"start":{"line":16,"column":31},"end":{"line":16,"column":80}},"4":{"start":{"line":18,"column":18},"end":{"line":18,"column":67}},"5":{"start":{"line":18,"column":32},"end":{"line":18,"column":67}},"6":{"start":{"line":20,"column":16},"end":{"line":20,"column":76}},"7":{"start":{"line":20,"column":30},"end":{"line":20,"column":76}},"8":{"start":{"line":22,"column":16},"end":{"line":28,"column":1}},"9":{"start":{"line":23,"column":22},"end":{"line":23,"column":40}},"10":{"start":{"line":24,"column":22},"end":{"line":24,"column":40}},"11":{"start":{"line":26,"column":21},"end":{"line":26,"column":54}},"12":{"start":{"line":27,"column":2},"end":{"line":27,"column":40}}},"fnMap":{"0":{"name":"(anonymous_0)","decl":{"start":{"line":14,"column":22},"end":{"line":14,"column":23}},"loc":{"start":{"line":14,"column":36},"end":{"line":14,"column":58}},"line":14},"1":{"name":"(anonymous_1)","decl":{"start":{"line":16,"column":17},"end":{"line":16,"column":18}},"loc":{"start":{"line":16,"column":31},"end":{"line":16,"column":80}},"line":16},"2":{"name":"(anonymous_2)","decl":{"start":{"line":18,"column":18},"end":{"line":18,"column":19}},"loc":{"start":{"line":18,"column":32},"end":{"line":18,"column":67}},"line":18},"3":{"name":"(anonymous_3)","decl":{"start":{"line":20,"column":16},"end":{"line":20,"column":17}},"loc":{"start":{"line":20,"column":30},"end":{"line":20,"column":76}},"line":20},"4":{"name":"(anonymous_4)","decl":{"start":{"line":22,"column":16},"end":{"line":22,"column":17}},"loc":{"start":{"line":22,"column":66},"end":{"line":28,"column":1}},"line":22}},"branchMap":{"0":{"loc":{"start":{"line":22,"column":39},"end":{"line":22,"column":61}},"type":"default-arg","locations":[{"start":{"line":22,"column":52},"end":{"line":22,"column":61}}],"line":22}},"s":{"0":1,"1":9,"2":1,"3":9,"4":1,"5":9,"6":1,"7":9,"8":1,"9":5,"10":4,"11":4,"12":4},"f":{"0":9,"1":9,"2":9,"3":9,"4":5},"b":{"0":[2]},"_coverageSchema":"1a1c01bbd47fc00a2c39e90264f33305004495a9","hash":"9b495e23ec969ae0ac51ad2a08976ee28551aa6c"}
,"/home/sergei/hexlet/frontend-project-lvl2/src/formatters/index.js": {"path":"/home/sergei/hexlet/frontend-project-lvl2/src/formatters/index.js","statementMap":{"0":{"start":{"line":4,"column":18},"end":{"line":8,"column":1}},"1":{"start":{"line":5,"column":25},"end":{"line":5,"column":42}},"2":{"start":{"line":6,"column":23},"end":{"line":6,"column":41}},"3":{"start":{"line":7,"column":22},"end":{"line":7,"column":46}},"4":{"start":{"line":10,"column":30},"end":{"line":10,"column":50}}},"fnMap":{"0":{"name":"(anonymous_0)","decl":{"start":{"line":5,"column":11},"end":{"line":5,"column":12}},"loc":{"start":{"line":5,"column":25},"end":{"line":5,"column":42}},"line":5},"1":{"name":"(anonymous_1)","decl":{"start":{"line":6,"column":9},"end":{"line":6,"column":10}},"loc":{"start":{"line":6,"column":23},"end":{"line":6,"column":41}},"line":6},"2":{"name":"(anonymous_2)","decl":{"start":{"line":7,"column":8},"end":{"line":7,"column":9}},"loc":{"start":{"line":7,"column":22},"end":{"line":7,"column":46}},"line":7},"3":{"name":"(anonymous_3)","decl":{"start":{"line":10,"column":15},"end":{"line":10,"column":16}},"loc":{"start":{"line":10,"column":30},"end":{"line":10,"column":50}},"line":10}},"branchMap":{},"s":{"0":1,"1":2,"2":1,"3":1,"4":4},"f":{"0":2,"1":1,"2":1,"3":4},"b":{},"_coverageSchema":"1a1c01bbd47fc00a2c39e90264f33305004495a9","hash":"cf5cd493212a2d99bfde882bf18ce6e8f25be6cc"}
,"/home/sergei/hexlet/frontend-project-lvl2/src/formatters/plain.js": {"path":"/home/sergei/hexlet/frontend-project-lvl2/src/formatters/plain.js","statementMap":{"0":{"start":{"line":6,"column":18},"end":{"line":19,"column":1}},"1":{"start":{"line":7,"column":2},"end":{"line":9,"column":3}},"2":{"start":{"line":8,"column":4},"end":{"line":8,"column":18}},"3":{"start":{"line":11,"column":2},"end":{"line":18,"column":3}},"4":{"start":{"line":13,"column":6},"end":{"line":13,"column":26}},"5":{"start":{"line":15,"column":6},"end":{"line":15,"column":31}},"6":{"start":{"line":17,"column":6},"end":{"line":17,"column":19}},"7":{"start":{"line":27,"column":16},"end":{"line":27,"column":85}},"8":{"start":{"line":27,"column":46},"end":{"line":27,"column":85}},"9":{"start":{"line":52,"column":16},"end":{"line":71,"column":1}},"10":{"start":{"line":53,"column":19},"end":{"line":53,"column":21}},"11":{"start":{"line":54,"column":35},"end":{"line":54,"column":97}},"12":{"start":{"line":54,"column":68},"end":{"line":54,"column":96}},"13":{"start":{"line":56,"column":4},"end":{"line":56,"column":95}},"14":{"start":{"line":58,"column":32},"end":{"line":58,"column":88}},"15":{"start":{"line":60,"column":4},"end":{"line":60,"column":81}},"16":{"start":{"line":60,"column":37},"end":{"line":60,"column":80}},"17":{"start":{"line":63,"column":33},"end":{"line":63,"column":43}},"18":{"start":{"line":65,"column":4},"end":{"line":69,"column":7}},"19":{"start":{"line":78,"column":17},"end":{"line":81,"column":1}},"20":{"start":{"line":79,"column":15},"end":{"line":79,"column":79}},"21":{"start":{"line":79,"column":36},"end":{"line":79,"column":79}},"22":{"start":{"line":80,"column":2},"end":{"line":80,"column":35}}},"fnMap":{"0":{"name":"(anonymous_0)","decl":{"start":{"line":6,"column":18},"end":{"line":6,"column":19}},"loc":{"start":{"line":6,"column":29},"end":{"line":19,"column":1}},"line":6},"1":{"name":"(anonymous_1)","decl":{"start":{"line":27,"column":16},"end":{"line":27,"column":17}},"loc":{"start":{"line":27,"column":46},"end":{"line":27,"column":85}},"line":27},"2":{"name":"(anonymous_2)","decl":{"start":{"line":53,"column":13},"end":{"line":53,"column":14}},"loc":{"start":{"line":53,"column":19},"end":{"line":53,"column":21}},"line":53},"3":{"name":"(anonymous_3)","decl":{"start":{"line":54,"column":8},"end":{"line":54,"column":9}},"loc":{"start":{"line":54,"column":35},"end":{"line":54,"column":97}},"line":54},"4":{"name":"(anonymous_4)","decl":{"start":{"line":54,"column":57},"end":{"line":54,"column":58}},"loc":{"start":{"line":54,"column":68},"end":{"line":54,"column":96}},"line":54},"5":{"name":"(anonymous_5)","decl":{"start":{"line":55,"column":9},"end":{"line":55,"column":10}},"loc":{"start":{"line":56,"column":4},"end":{"line":56,"column":95}},"line":56},"6":{"name":"(anonymous_6)","decl":{"start":{"line":58,"column":11},"end":{"line":58,"column":12}},"loc":{"start":{"line":58,"column":32},"end":{"line":58,"column":88}},"line":58},"7":{"name":"(anonymous_7)","decl":{"start":{"line":59,"column":10},"end":{"line":59,"column":11}},"loc":{"start":{"line":60,"column":4},"end":{"line":60,"column":81}},"line":60},"8":{"name":"(anonymous_8)","decl":{"start":{"line":60,"column":26},"end":{"line":60,"column":27}},"loc":{"start":{"line":60,"column":37},"end":{"line":60,"column":80}},"line":60},"9":{"name":"(anonymous_9)","decl":{"start":{"line":62,"column":11},"end":{"line":62,"column":12}},"loc":{"start":{"line":62,"column":32},"end":{"line":70,"column":3}},"line":62},"10":{"name":"(anonymous_10)","decl":{"start":{"line":78,"column":17},"end":{"line":78,"column":18}},"loc":{"start":{"line":78,"column":27},"end":{"line":81,"column":1}},"line":78},"11":{"name":"(anonymous_11)","decl":{"start":{"line":79,"column":15},"end":{"line":79,"column":16}},"loc":{"start":{"line":79,"column":36},"end":{"line":79,"column":79}},"line":79}},"branchMap":{"0":{"loc":{"start":{"line":7,"column":2},"end":{"line":9,"column":3}},"type":"if","locations":[{"start":{"line":7,"column":2},"end":{"line":9,"column":3}},{"start":{},"end":{}}],"line":7},"1":{"loc":{"start":{"line":11,"column":2},"end":{"line":18,"column":3}},"type":"switch","locations":[{"start":{"line":12,"column":4},"end":{"line":13,"column":26}},{"start":{"line":14,"column":4},"end":{"line":15,"column":31}},{"start":{"line":16,"column":4},"end":{"line":17,"column":19}}],"line":11}},"s":{"0":1,"1":15,"2":1,"3":14,"4":8,"5":4,"6":2,"7":1,"8":12,"9":1,"10":3,"11":1,"12":4,"13":5,"14":2,"15":4,"16":15,"17":5,"18":5,"19":1,"20":1,"21":20,"22":1},"f":{"0":15,"1":12,"2":3,"3":1,"4":4,"5":5,"6":2,"7":4,"8":15,"9":5,"10":1,"11":20},"b":{"0":[1,14],"1":[8,4,2]},"_coverageSchema":"1a1c01bbd47fc00a2c39e90264f33305004495a9","hash":"698b7856697f29d10a6639dbcf96a2722ade9b89"}
,"/home/sergei/hexlet/frontend-project-lvl2/src/formatters/stylish.js": {"path":"/home/sergei/hexlet/frontend-project-lvl2/src/formatters/stylish.js","statementMap":{"0":{"start":{"line":9,"column":15},"end":{"line":9,"column":76}},"1":{"start":{"line":9,"column":42},"end":{"line":9,"column":76}},"2":{"start":{"line":18,"column":18},"end":{"line":27,"column":1}},"3":{"start":{"line":19,"column":2},"end":{"line":21,"column":3}},"4":{"start":{"line":20,"column":4},"end":{"line":20,"column":24}},"5":{"start":{"line":23,"column":23},"end":{"line":25,"column":4}},"6":{"start":{"line":24,"column":4},"end":{"line":24,"column":48}},"7":{"start":{"line":26,"column":2},"end":{"line":26,"column":62}},"8":{"start":{"line":53,"column":16},"end":{"line":76,"column":1}},"9":{"start":{"line":55,"column":19},"end":{"line":55,"column":90}},"10":{"start":{"line":55,"column":46},"end":{"line":55,"column":89}},"11":{"start":{"line":56,"column":4},"end":{"line":56,"column":40}},"12":{"start":{"line":59,"column":4},"end":{"line":59,"column":77}},"13":{"start":{"line":62,"column":4},"end":{"line":62,"column":77}},"14":{"start":{"line":65,"column":4},"end":{"line":65,"column":77}},"15":{"start":{"line":68,"column":19},"end":{"line":68,"column":90}},"16":{"start":{"line":68,"column":46},"end":{"line":68,"column":89}},"17":{"start":{"line":69,"column":4},"end":{"line":69,"column":84}},"18":{"start":{"line":72,"column":38},"end":{"line":72,"column":48}},"19":{"start":{"line":73,"column":4},"end":{"line":74,"column":82}},"20":{"start":{"line":83,"column":19},"end":{"line":87,"column":1}},"21":{"start":{"line":84,"column":15},"end":{"line":84,"column":71}},"22":{"start":{"line":84,"column":32},"end":{"line":84,"column":71}},"23":{"start":{"line":86,"column":2},"end":{"line":86,"column":23}}},"fnMap":{"0":{"name":"(anonymous_0)","decl":{"start":{"line":9,"column":15},"end":{"line":9,"column":16}},"loc":{"start":{"line":9,"column":42},"end":{"line":9,"column":76}},"line":9},"1":{"name":"(anonymous_1)","decl":{"start":{"line":18,"column":18},"end":{"line":18,"column":19}},"loc":{"start":{"line":18,"column":44},"end":{"line":27,"column":1}},"line":18},"2":{"name":"(anonymous_2)","decl":{"start":{"line":23,"column":48},"end":{"line":23,"column":49}},"loc":{"start":{"line":24,"column":4},"end":{"line":24,"column":48}},"line":24},"3":{"name":"(anonymous_3)","decl":{"start":{"line":54,"column":8},"end":{"line":54,"column":9}},"loc":{"start":{"line":54,"column":39},"end":{"line":57,"column":3}},"line":54},"4":{"name":"(anonymous_4)","decl":{"start":{"line":55,"column":36},"end":{"line":55,"column":37}},"loc":{"start":{"line":55,"column":46},"end":{"line":55,"column":89}},"line":55},"5":{"name":"(anonymous_5)","decl":{"start":{"line":58,"column":13},"end":{"line":58,"column":14}},"loc":{"start":{"line":59,"column":4},"end":{"line":59,"column":77}},"line":59},"6":{"name":"(anonymous_6)","decl":{"start":{"line":61,"column":9},"end":{"line":61,"column":10}},"loc":{"start":{"line":62,"column":4},"end":{"line":62,"column":77}},"line":62},"7":{"name":"(anonymous_7)","decl":{"start":{"line":64,"column":11},"end":{"line":64,"column":12}},"loc":{"start":{"line":65,"column":4},"end":{"line":65,"column":77}},"line":65},"8":{"name":"(anonymous_8)","decl":{"start":{"line":67,"column":10},"end":{"line":67,"column":11}},"loc":{"start":{"line":67,"column":46},"end":{"line":70,"column":3}},"line":67},"9":{"name":"(anonymous_9)","decl":{"start":{"line":68,"column":36},"end":{"line":68,"column":37}},"loc":{"start":{"line":68,"column":46},"end":{"line":68,"column":89}},"line":68},"10":{"name":"(anonymous_10)","decl":{"start":{"line":71,"column":11},"end":{"line":71,"column":12}},"loc":{"start":{"line":71,"column":28},"end":{"line":75,"column":3}},"line":71},"11":{"name":"(anonymous_11)","decl":{"start":{"line":83,"column":19},"end":{"line":83,"column":20}},"loc":{"start":{"line":83,"column":29},"end":{"line":87,"column":1}},"line":83},"12":{"name":"(anonymous_12)","decl":{"start":{"line":84,"column":15},"end":{"line":84,"column":16}},"loc":{"start":{"line":84,"column":32},"end":{"line":84,"column":71}},"line":84}},"branchMap":{"0":{"loc":{"start":{"line":9,"column":23},"end":{"line":9,"column":37}},"type":"default-arg","locations":[{"start":{"line":9,"column":36},"end":{"line":9,"column":37}}],"line":9},"1":{"loc":{"start":{"line":19,"column":2},"end":{"line":21,"column":3}},"type":"if","locations":[{"start":{"line":19,"column":2},"end":{"line":21,"column":3}},{"start":{},"end":{}}],"line":19}},"s":{"0":1,"1":52,"2":1,"3":36,"4":28,"5":8,"6":10,"7":8,"8":1,"9":2,"10":9,"11":2,"12":14,"13":7,"14":3,"15":4,"16":15,"17":4,"18":6,"19":6,"20":1,"21":2,"22":2,"23":2},"f":{"0":52,"1":36,"2":10,"3":2,"4":9,"5":14,"6":7,"7":3,"8":4,"9":15,"10":6,"11":2,"12":2},"b":{"0":[52],"1":[28,8]},"_coverageSchema":"1a1c01bbd47fc00a2c39e90264f33305004495a9","hash":"037954a17fa3a89399c4a7c1a9776c4f73413bc2"}
,"/home/sergei/hexlet/frontend-project-lvl2/src/services/getDiff.js": {"path":"/home/sergei/hexlet/frontend-project-lvl2/src/services/getDiff.js","statementMap":{"0":{"start":{"line":9,"column":16},"end":{"line":56,"column":1}},"1":{"start":{"line":10,"column":19},"end":{"line":10,"column":74}},"2":{"start":{"line":11,"column":25},"end":{"line":11,"column":52}},"3":{"start":{"line":13,"column":2},"end":{"line":55,"column":5}},"4":{"start":{"line":14,"column":24},"end":{"line":14,"column":39}},"5":{"start":{"line":15,"column":23},"end":{"line":15,"column":37}},"6":{"start":{"line":17,"column":4},"end":{"line":23,"column":5}},"7":{"start":{"line":18,"column":6},"end":{"line":22,"column":8}},"8":{"start":{"line":25,"column":4},"end":{"line":31,"column":5}},"9":{"start":{"line":26,"column":6},"end":{"line":30,"column":8}},"10":{"start":{"line":33,"column":4},"end":{"line":40,"column":5}},"11":{"start":{"line":34,"column":23},"end":{"line":34,"column":55}},"12":{"start":{"line":35,"column":6},"end":{"line":39,"column":8}},"13":{"start":{"line":42,"column":4},"end":{"line":48,"column":5}},"14":{"start":{"line":43,"column":6},"end":{"line":47,"column":8}},"15":{"start":{"line":50,"column":4},"end":{"line":54,"column":6}},"16":{"start":{"line":59,"column":2},"end":{"line":62,"column":3}}},"fnMap":{"0":{"name":"(anonymous_0)","decl":{"start":{"line":9,"column":16},"end":{"line":9,"column":17}},"loc":{"start":{"line":9,"column":43},"end":{"line":56,"column":1}},"line":9},"1":{"name":"(anonymous_1)","decl":{"start":{"line":13,"column":28},"end":{"line":13,"column":29}},"loc":{"start":{"line":13,"column":37},"end":{"line":55,"column":3}},"line":13},"2":{"name":"(anonymous_2)","decl":{"start":{"line":58,"column":15},"end":{"line":58,"column":16}},"loc":{"start":{"line":59,"column":2},"end":{"line":62,"column":3}},"line":59}},"branchMap":{"0":{"loc":{"start":{"line":17,"column":4},"end":{"line":23,"column":5}},"type":"if","locations":[{"start":{"line":17,"column":4},"end":{"line":23,"column":5}},{"start":{},"end":{}}],"line":17},"1":{"loc":{"start":{"line":25,"column":4},"end":{"line":31,"column":5}},"type":"if","locations":[{"start":{"line":25,"column":4},"end":{"line":31,"column":5}},{"start":{},"end":{}}],"line":25},"2":{"loc":{"start":{"line":33,"column":4},"end":{"line":40,"column":5}},"type":"if","locations":[{"start":{"line":33,"column":4},"end":{"line":40,"column":5}},{"start":{},"end":{}}],"line":33},"3":{"loc":{"start":{"line":33,"column":8},"end":{"line":33,"column":67}},"type":"binary-expr","locations":[{"start":{"line":33,"column":8},"end":{"line":33,"column":36}},{"start":{"line":33,"column":40},"end":{"line":33,"column":67}}],"line":33},"4":{"loc":{"start":{"line":42,"column":4},"end":{"line":48,"column":5}},"type":"if","locations":[{"start":{"line":42,"column":4},"end":{"line":48,"column":5}},{"start":{},"end":{}}],"line":42}},"s":{"0":1,"1":16,"2":16,"3":16,"4":62,"5":62,"6":62,"7":7,"8":55,"9":17,"10":38,"11":12,"12":12,"13":26,"14":16,"15":10,"16":4},"f":{"0":16,"1":62,"2":4},"b":{"0":[7,55],"1":[17,38],"2":[12,26],"3":[38,15],"4":[16,10]},"_coverageSchema":"1a1c01bbd47fc00a2c39e90264f33305004495a9","hash":"866bc9f887967ad8f6f7737763329a96069a7af8"}
,"/home/sergei/hexlet/frontend-project-lvl2/src/services/parse.js": {"path":"/home/sergei/hexlet/frontend-project-lvl2/src/services/parse.js","statementMap":{"0":{"start":{"line":9,"column":14},"end":{"line":17,"column":1}},"1":{"start":{"line":10,"column":17},"end":{"line":14,"column":3}},"2":{"start":{"line":16,"column":2},"end":{"line":16,"column":30}}},"fnMap":{"0":{"name":"(anonymous_0)","decl":{"start":{"line":9,"column":14},"end":{"line":9,"column":15}},"loc":{"start":{"line":9,"column":32},"end":{"line":17,"column":1}},"line":9}},"branchMap":{},"s":{"0":1,"1":9,"2":9},"f":{"0":9},"b":{},"_coverageSchema":"1a1c01bbd47fc00a2c39e90264f33305004495a9","hash":"ab37f9ec0b7542dca5d2ba3f95e24ff893af153c"}
}
