TN:
SF:src/buildAst.js
FN:3,(anonymous_0)
FN:4,(anonymous_1)
FN:35,(anonymous_2)
FNF:3
FNH:3
FNDA:36,(anonymous_0)
FNDA:144,(anonymous_1)
FNDA:144,(anonymous_2)
DA:3,1
DA:4,36
DA:5,144
DA:6,144
DA:8,144
DA:9,45
DA:13,99
DA:14,18
DA:18,81
DA:19,27
DA:23,54
DA:24,27
DA:28,27
DA:33,36
DA:35,144
LF:15
LH:15
BRDA:8,0,0,45
BRDA:8,0,1,99
BRDA:13,1,0,18
BRDA:13,1,1,81
BRDA:18,2,0,27
BRDA:18,2,1,54
BRDA:18,3,0,81
BRDA:18,3,1,36
BRDA:23,4,0,27
BRDA:23,4,1,27
BRF:10
BRH:10
end_of_record
TN:
SF:src/index.js
FN:8,(anonymous_0)
FN:16,(anonymous_1)
FNF:2
FNH:2
FNDA:18,(anonymous_0)
FNDA:9,(anonymous_1)
DA:8,1
DA:9,18
DA:10,18
DA:11,18
DA:12,18
DA:13,18
DA:17,9
DA:18,9
DA:20,9
DA:21,9
DA:23,9
DA:24,9
DA:26,9
DA:28,9
LF:14
LH:14
BRF:0
BRH:0
end_of_record
TN:
SF:src/parsers.js
FN:5,(anonymous_0)
FN:8,(anonymous_1)
FN:23,(anonymous_2)
FN:26,(anonymous_3)
FNF:4
FNH:4
FNDA:39,(anonymous_0)
FNDA:90,(anonymous_1)
FNDA:6,(anonymous_2)
FNDA:18,(anonymous_3)
DA:5,1
DA:6,39
DA:8,39
DA:9,90
DA:10,90
DA:11,33
DA:13,57
DA:14,48
DA:16,9
DA:20,1
DA:23,6
DA:26,18
LF:12
LH:12
BRDA:10,0,0,33
BRDA:10,0,1,57
BRDA:13,1,0,48
BRDA:13,1,1,9
BRDA:13,2,0,57
BRDA:13,2,1,51
BRF:6
BRH:6
end_of_record
TN:
SF:src/formatters/index.js
FN:4,(anonymous_0)
FNF:1
FNH:1
FNDA:9,(anonymous_0)
DA:5,9
DA:6,3
DA:8,6
DA:9,3
DA:12,3
LF:5
LH:5
BRDA:5,0,0,3
BRDA:5,0,1,6
BRDA:8,1,0,3
BRDA:8,1,1,3
BRF:4
BRH:4
end_of_record
TN:
SF:src/formatters/renderPlain.js
FN:3,(anonymous_0)
FN:13,(anonymous_1)
FN:15,(anonymous_2)
FN:16,(anonymous_3)
FN:17,(anonymous_4)
FN:18,(anonymous_5)
FN:19,(anonymous_6)
FN:22,(anonymous_7)
FN:29,(anonymous_8)
FNF:9
FNH:9
FNDA:96,(anonymous_0)
FNDA:12,(anonymous_1)
FNDA:9,(anonymous_2)
FNDA:9,(anonymous_3)
FNDA:9,(anonymous_4)
FNDA:15,(anonymous_5)
FNDA:6,(anonymous_6)
FNDA:48,(anonymous_7)
FNDA:48,(anonymous_8)
DA:3,1
DA:4,96
DA:5,15
DA:7,81
DA:8,24
DA:10,57
DA:13,1
DA:14,12
DA:15,9
DA:16,9
DA:17,9
DA:18,15
DA:19,6
DA:22,12
DA:23,48
DA:24,48
DA:25,48
DA:26,48
DA:27,48
DA:29,48
LF:20
LH:20
BRDA:4,0,0,15
BRDA:4,0,1,81
BRDA:7,1,0,24
BRDA:7,1,1,57
BRDA:13,2,0,3
BRF:5
BRH:5
end_of_record
TN:
SF:src/formatters/renderRecursive.js
FN:3,(anonymous_0)
FN:5,(anonymous_1)
FN:8,(anonymous_2)
FN:13,(anonymous_3)
FN:15,(anonymous_4)
FN:16,(anonymous_5)
FN:17,(anonymous_6)
FN:18,(anonymous_7)
FN:19,(anonymous_8)
FN:23,(anonymous_9)
FN:30,(anonymous_10)
FNF:11
FNH:11
FNDA:99,(anonymous_0)
FNDA:15,(anonymous_1)
FNDA:15,(anonymous_2)
FNDA:12,(anonymous_3)
FNDA:9,(anonymous_4)
FNDA:9,(anonymous_5)
FNDA:15,(anonymous_6)
FNDA:6,(anonymous_7)
FNDA:9,(anonymous_8)
FNDA:48,(anonymous_9)
FNDA:57,(anonymous_10)
DA:3,99
DA:5,1
DA:6,15
DA:7,15
DA:8,15
DA:10,15
DA:13,1
DA:14,12
DA:15,9
DA:16,9
DA:17,15
DA:18,6
DA:19,9
DA:22,12
DA:24,48
DA:25,48
DA:26,48
DA:27,48
DA:30,57
DA:33,12
LF:20
LH:20
BRDA:13,0,0,3
BRDA:24,1,0,6
BRDA:24,1,1,42
BRDA:25,2,0,9
BRDA:25,2,1,39
BRF:5
BRH:5
end_of_record
