TN:
SF:src/index.js
FN:7,diff
FNF:1
FNH:1
FNDA:8,diff
DA:1,1
DA:2,1
DA:3,1
DA:4,1
DA:5,1
DA:6,1
DA:7,1
DA:8,8
DA:9,8
DA:10,8
DA:11,8
DA:12,8
DA:13,8
DA:14,8
DA:15,8
DA:16,8
DA:17,8
DA:18,8
DA:19,8
DA:20,8
DA:21,8
DA:22,8
DA:23,8
DA:24,8
DA:25,1
DA:26,1
LF:26
LH:26
BRDA:7,0,0,8
BRF:1
BRH:1
end_of_record
TN:
SF:src/treeBuilder.js
FN:3,treeBuilder
FNF:1
FNH:1
FNDA:32,treeBuilder
DA:1,1
DA:2,1
DA:3,1
DA:4,32
DA:5,32
DA:6,32
DA:7,32
DA:8,32
DA:9,118
DA:10,32
DA:11,32
DA:12,118
DA:13,16
DA:14,16
DA:15,118
DA:16,20
DA:17,20
DA:18,118
DA:19,24
DA:20,24
DA:21,24
DA:22,24
DA:23,24
DA:24,24
DA:25,26
DA:26,26
DA:27,26
DA:28,26
DA:29,26
DA:30,26
DA:31,26
DA:32,26
DA:33,0
DA:34,32
DA:35,32
DA:36,32
DA:37,1
DA:38,1
LF:38
LH:37
BRDA:3,0,0,32
BRDA:8,1,0,118
BRDA:9,2,0,32
BRDA:11,3,0,86
BRDA:12,4,0,16
BRDA:14,5,0,70
BRDA:15,6,0,20
BRDA:17,7,0,50
BRDA:18,8,0,30
BRDA:18,9,0,24
BRDA:24,10,0,26
BRDA:32,11,0,0
BRF:12
BRH:11
end_of_record
TN:
SF:src/formatters/index.js
FN:5,formatter
FNF:1
FNH:1
FNDA:8,formatter
DA:1,1
DA:2,1
DA:3,1
DA:4,1
DA:5,1
DA:6,8
DA:7,8
DA:8,4
DA:9,8
DA:10,2
DA:11,8
DA:12,2
DA:13,8
DA:14,0
DA:15,8
DA:16,8
DA:17,1
LF:17
LH:16
BRDA:5,0,0,8
BRDA:7,1,0,4
BRDA:9,2,0,2
BRDA:11,3,0,2
BRDA:13,4,0,0
BRF:5
BRH:4
end_of_record
TN:
SF:src/formatters/json.js
FN:1,json
FNF:1
FNH:1
FNDA:2,json
DA:1,1
DA:2,1
DA:3,1
LF:3
LH:3
BRDA:1,0,0,2
BRF:1
BRH:1
end_of_record
TN:
SF:src/formatters/plain.js
FN:1,typeOfValue
FN:14,plain
FN:15,iter
FNF:3
FNH:3
FNDA:26,typeOfValue
FNDA:2,plain
FNDA:10,iter
DA:1,1
DA:2,26
DA:3,14
DA:4,14
DA:5,26
DA:6,2
DA:7,2
DA:8,26
DA:9,6
DA:10,6
DA:11,4
DA:12,4
DA:13,1
DA:14,1
DA:15,2
DA:16,10
DA:17,36
DA:18,36
DA:19,36
DA:20,8
DA:21,36
DA:22,6
DA:23,36
DA:24,4
DA:25,36
DA:26,10
DA:27,36
DA:28,8
DA:29,36
DA:30,0
DA:31,36
DA:32,10
DA:33,10
DA:34,2
DA:35,2
DA:36,2
DA:37,2
DA:38,1
DA:39,1
LF:39
LH:38
BRDA:1,0,0,26
BRDA:2,1,0,14
BRDA:4,2,0,12
BRDA:5,3,0,2
BRDA:7,4,0,10
BRDA:8,5,0,6
BRDA:10,6,0,4
BRDA:14,7,0,2
BRDA:15,8,0,10
BRDA:16,9,0,36
BRDA:17,10,0,28
BRDA:17,11,0,8
BRDA:19,12,0,8
BRDA:21,13,0,6
BRDA:23,14,0,4
BRDA:25,15,0,10
BRDA:27,16,0,8
BRDA:29,17,0,0
BRF:18
BRH:17
end_of_record
TN:
SF:src/formatters/stylish.js
FN:3,getTab
FN:9,getFormattedValue
FN:26,formatter
FN:27,iter
FNF:4
FNH:4
FNDA:74,getTab
FNDA:66,getFormattedValue
FNDA:4,formatter
FNDA:12,iter
DA:1,1
DA:2,1
DA:3,1
DA:4,74
DA:5,74
DA:6,74
DA:7,74
DA:8,1
DA:9,1
DA:10,66
DA:11,52
DA:12,52
DA:13,14
DA:14,14
DA:15,14
DA:16,14
DA:17,14
DA:18,14
DA:19,14
DA:20,18
DA:21,18
DA:22,14
DA:23,14
DA:24,14
DA:25,1
DA:26,1
DA:27,4
DA:28,12
DA:29,46
DA:30,46
DA:31,46
DA:32,8
DA:33,8
DA:34,8
DA:35,46
DA:36,8
DA:37,8
DA:38,46
DA:39,8
DA:40,8
DA:41,46
DA:42,12
DA:43,12
DA:44,46
DA:45,10
DA:46,10
DA:47,10
DA:48,10
DA:49,46
DA:50,0
DA:51,0
DA:52,46
DA:53,12
DA:54,12
DA:55,4
DA:56,4
DA:57,4
DA:58,4
DA:59,1
DA:60,1
LF:60
LH:58
BRDA:3,0,0,74
BRDA:9,1,0,66
BRDA:10,2,0,52
BRDA:12,3,0,14
BRDA:19,4,0,18
BRDA:26,5,0,4
BRDA:27,6,0,12
BRDA:28,7,0,46
BRDA:31,8,0,8
BRDA:35,9,0,8
BRDA:38,10,0,8
BRDA:41,11,0,12
BRDA:44,12,0,10
BRDA:49,13,0,0
BRF:14
BRH:13
end_of_record
TN:
SF:src/parsers/parsers.js
FN:3,parse
FNF:1
FNH:1
FNDA:16,parse
DA:1,1
DA:2,1
DA:3,1
DA:4,16
DA:5,16
DA:6,16
DA:7,16
DA:8,16
DA:9,16
DA:10,16
DA:11,16
DA:12,1
DA:13,1
LF:13
LH:13
BRDA:3,0,0,16
BRF:1
BRH:1
end_of_record
